<?xml version="1.0" encoding="UTF-8"?>
<testsuite name="org.example.dataReader.WriterAndReaderTest" tests="1" skipped="0" failures="0" errors="0" timestamp="2025-10-10T19:20:41.092Z" hostname="VERKKO-HALKEAMA" time="0.277">
  <properties/>
  <testcase name="testAllEditsTogheter()" classname="org.example.dataReader.WriterAndReaderTest" time="0.277"/>
  <system-out><![CDATA[C:\Users\Neilh\AppData\Local\untitled-learnApp\testingEdits(1).xml
C:\Users\Neilh\AppData\Local\untitled-learnApp\testingEdits(2).xml
C:\Users\Neilh\AppData\Local\untitled-learnApp\testingEdits(3).xml
C:\Users\Neilh\AppData\Local\untitled-learnApp\testingEdits(4).xml
C:\Users\Neilh\AppData\Local\untitled-learnApp\testingEdits(5).xml
C:\Users\Neilh\AppData\Local\untitled-learnApp\testingEdits(6).xml
C:\Users\Neilh\AppData\Local\untitled-learnApp\testingEdits(7).xml
C:\Users\Neilh\AppData\Local\untitled-learnApp\testingEdits(8).xml
C:\Users\Neilh\AppData\Local\untitled-learnApp\testingEdits(9).xml
C:\Users\Neilh\AppData\Local\untitled-learnApp\testingEdits(10).xml
]]></system-out>
  <system-err><![CDATA[]]></system-err>
</testsuite>
